<?xml version="1.0" encoding="UTF-8"?>
<testsuite name="com.weno.book.web.IndexControllerTest" tests="1" skipped="0" failures="0" errors="0" timestamp="2020-03-02T15:15:22" hostname="weno" time="0.352">
  <properties/>
  <testcase name="indexPageLoading" classname="com.weno.book.web.IndexControllerTest" time="0.352"/>
  <system-out><![CDATA[00:15:15.828 [Test worker] DEBUG org.springframework.test.context.junit4.SpringJUnit4ClassRunner - SpringJUnit4ClassRunner constructor called with [class com.weno.book.web.IndexControllerTest]
00:15:15.841 [Test worker] DEBUG org.springframework.test.context.BootstrapUtils - Instantiating CacheAwareContextLoaderDelegate from class [org.springframework.test.context.cache.DefaultCacheAwareContextLoaderDelegate]
00:15:15.873 [Test worker] DEBUG org.springframework.test.context.BootstrapUtils - Instantiating BootstrapContext using constructor [public org.springframework.test.context.support.DefaultBootstrapContext(java.lang.Class,org.springframework.test.context.CacheAwareContextLoaderDelegate)]
00:15:15.902 [Test worker] DEBUG org.springframework.test.context.BootstrapUtils - Instantiating TestContextBootstrapper for test class [com.weno.book.web.IndexControllerTest] from class [org.springframework.boot.test.context.SpringBootTestContextBootstrapper]
00:15:15.916 [Test worker] INFO org.springframework.boot.test.context.SpringBootTestContextBootstrapper - Neither @ContextConfiguration nor @ContextHierarchy found for test class [com.weno.book.web.IndexControllerTest], using SpringBootContextLoader
00:15:15.924 [Test worker] DEBUG org.springframework.test.context.support.AbstractContextLoader - Did not detect default resource location for test class [com.weno.book.web.IndexControllerTest]: class path resource [com/weno/book/web/IndexControllerTest-context.xml] does not exist
00:15:15.926 [Test worker] DEBUG org.springframework.test.context.support.AbstractContextLoader - Did not detect default resource location for test class [com.weno.book.web.IndexControllerTest]: class path resource [com/weno/book/web/IndexControllerTestContext.groovy] does not exist
00:15:15.926 [Test worker] INFO org.springframework.test.context.support.AbstractContextLoader - Could not detect default resource locations for test class [com.weno.book.web.IndexControllerTest]: no resource found for suffixes {-context.xml, Context.groovy}.
00:15:15.927 [Test worker] INFO org.springframework.test.context.support.AnnotationConfigContextLoaderUtils - Could not detect default configuration classes for test class [com.weno.book.web.IndexControllerTest]: IndexControllerTest does not declare any static, non-private, non-final, nested classes annotated with @Configuration.
00:15:16.010 [Test worker] DEBUG org.springframework.test.context.support.ActiveProfilesUtils - Could not find an 'annotation declaring class' for annotation type [org.springframework.test.context.ActiveProfiles] and class [com.weno.book.web.IndexControllerTest]
00:15:16.134 [Test worker] DEBUG org.springframework.context.annotation.ClassPathScanningCandidateComponentProvider - Identified candidate component class: file [/home/weno/IdeaProjects/freelec-springboot2-webservice/build/classes/java/main/com/weno/book/Application.class]
00:15:16.140 [Test worker] INFO org.springframework.boot.test.context.SpringBootTestContextBootstrapper - Found @SpringBootConfiguration com.weno.book.Application for test class com.weno.book.web.IndexControllerTest
00:15:16.271 [Test worker] DEBUG org.springframework.boot.test.context.SpringBootTestContextBootstrapper - @TestExecutionListeners is not present for class [com.weno.book.web.IndexControllerTest]: using defaults.
00:15:16.275 [Test worker] INFO org.springframework.boot.test.context.SpringBootTestContextBootstrapper - Loaded default TestExecutionListener class names from location [META-INF/spring.factories]: [org.springframework.boot.test.autoconfigure.restdocs.RestDocsTestExecutionListener, org.springframework.boot.test.autoconfigure.web.client.MockRestServiceServerResetTestExecutionListener, org.springframework.boot.test.autoconfigure.web.servlet.MockMvcPrintOnlyOnFailureTestExecutionListener, org.springframework.boot.test.autoconfigure.web.servlet.WebDriverTestExecutionListener, org.springframework.boot.test.mock.mockito.MockitoTestExecutionListener, org.springframework.boot.test.mock.mockito.ResetMocksTestExecutionListener, org.springframework.test.context.web.ServletTestExecutionListener, org.springframework.test.context.support.DirtiesContextBeforeModesTestExecutionListener, org.springframework.test.context.support.DependencyInjectionTestExecutionListener, org.springframework.test.context.support.DirtiesContextTestExecutionListener, org.springframework.test.context.transaction.TransactionalTestExecutionListener, org.springframework.test.context.jdbc.SqlScriptsTestExecutionListener]
00:15:16.290 [Test worker] INFO org.springframework.boot.test.context.SpringBootTestContextBootstrapper - Using TestExecutionListeners: [org.springframework.test.context.web.ServletTestExecutionListener@e5c2a14, org.springframework.test.context.support.DirtiesContextBeforeModesTestExecutionListener@4d7cac2f, org.springframework.boot.test.mock.mockito.MockitoTestExecutionListener@3ff80e5b, org.springframework.boot.test.autoconfigure.SpringBootDependencyInjectionTestExecutionListener@563cbf46, org.springframework.test.context.support.DirtiesContextTestExecutionListener@39df331f, org.springframework.test.context.transaction.TransactionalTestExecutionListener@11eaeddf, org.springframework.test.context.jdbc.SqlScriptsTestExecutionListener@6e1fa36f, org.springframework.boot.test.autoconfigure.restdocs.RestDocsTestExecutionListener@5d6af765, org.springframework.boot.test.autoconfigure.web.client.MockRestServiceServerResetTestExecutionListener@1d6d701c, org.springframework.boot.test.autoconfigure.web.servlet.MockMvcPrintOnlyOnFailureTestExecutionListener@5b2fe27b, org.springframework.boot.test.autoconfigure.web.servlet.WebDriverTestExecutionListener@483826aa, org.springframework.boot.test.mock.mockito.ResetMocksTestExecutionListener@42e33117]
00:15:16.294 [Test worker] DEBUG org.springframework.test.annotation.ProfileValueUtils - Retrieved @ProfileValueSourceConfiguration [null] for test class [com.weno.book.web.IndexControllerTest]
00:15:16.295 [Test worker] DEBUG org.springframework.test.annotation.ProfileValueUtils - Retrieved ProfileValueSource type [class org.springframework.test.annotation.SystemProfileValueSource] for class [com.weno.book.web.IndexControllerTest]
00:15:16.298 [Test worker] DEBUG org.springframework.test.annotation.ProfileValueUtils - Retrieved @ProfileValueSourceConfiguration [null] for test class [com.weno.book.web.IndexControllerTest]
00:15:16.299 [Test worker] DEBUG org.springframework.test.annotation.ProfileValueUtils - Retrieved ProfileValueSource type [class org.springframework.test.annotation.SystemProfileValueSource] for class [com.weno.book.web.IndexControllerTest]
00:15:16.300 [Test worker] DEBUG org.springframework.test.annotation.ProfileValueUtils - Retrieved @ProfileValueSourceConfiguration [null] for test class [com.weno.book.web.IndexControllerTest]
00:15:16.300 [Test worker] DEBUG org.springframework.test.annotation.ProfileValueUtils - Retrieved ProfileValueSource type [class org.springframework.test.annotation.SystemProfileValueSource] for class [com.weno.book.web.IndexControllerTest]
00:15:16.304 [Test worker] DEBUG org.springframework.test.context.support.AbstractDirtiesContextTestExecutionListener - Before test class: context [DefaultTestContext@3173b341 testClass = IndexControllerTest, testInstance = [null], testMethod = [null], testException = [null], mergedContextConfiguration = [WebMergedContextConfiguration@6230cf84 testClass = IndexControllerTest, locations = '{}', classes = '{class com.weno.book.Application}', contextInitializerClasses = '[]', activeProfiles = '{}', propertySourceLocations = '{}', propertySourceProperties = '{org.springframework.boot.test.context.SpringBootTestContextBootstrapper=true, server.port=0}', contextCustomizers = set[org.springframework.boot.test.autoconfigure.properties.PropertyMappingContextCustomizer@0, org.springframework.boot.test.autoconfigure.web.servlet.WebDriverContextCustomizerFactory$Customizer@6b814475, org.springframework.boot.test.context.filter.ExcludeFilterContextCustomizer@166f2fb8, org.springframework.boot.test.json.DuplicateJsonObjectContextCustomizerFactory$DuplicateJsonObjectContextCustomizer@6c582aa7, org.springframework.boot.test.mock.mockito.MockitoContextCustomizer@0, org.springframework.boot.test.web.client.TestRestTemplateContextCustomizer@8ce64d2], resourceBasePath = 'src/main/webapp', contextLoader = 'org.springframework.boot.test.context.SpringBootContextLoader', parent = [null]], attributes = map['org.springframework.test.context.web.ServletTestExecutionListener.activateListener' -> false]], class annotated with @DirtiesContext [false] with mode [null].
00:15:16.306 [Test worker] DEBUG org.springframework.test.annotation.ProfileValueUtils - Retrieved @ProfileValueSourceConfiguration [null] for test class [com.weno.book.web.IndexControllerTest]
00:15:16.306 [Test worker] DEBUG org.springframework.test.annotation.ProfileValueUtils - Retrieved ProfileValueSource type [class org.springframework.test.annotation.SystemProfileValueSource] for class [com.weno.book.web.IndexControllerTest]
00:15:16.320 [Test worker] DEBUG org.springframework.test.context.support.DependencyInjectionTestExecutionListener - Performing dependency injection for test context [[DefaultTestContext@3173b341 testClass = IndexControllerTest, testInstance = com.weno.book.web.IndexControllerTest@5f560dbd, testMethod = [null], testException = [null], mergedContextConfiguration = [WebMergedContextConfiguration@6230cf84 testClass = IndexControllerTest, locations = '{}', classes = '{class com.weno.book.Application}', contextInitializerClasses = '[]', activeProfiles = '{}', propertySourceLocations = '{}', propertySourceProperties = '{org.springframework.boot.test.context.SpringBootTestContextBootstrapper=true, server.port=0}', contextCustomizers = set[org.springframework.boot.test.autoconfigure.properties.PropertyMappingContextCustomizer@0, org.springframework.boot.test.autoconfigure.web.servlet.WebDriverContextCustomizerFactory$Customizer@6b814475, org.springframework.boot.test.context.filter.ExcludeFilterContextCustomizer@166f2fb8, org.springframework.boot.test.json.DuplicateJsonObjectContextCustomizerFactory$DuplicateJsonObjectContextCustomizer@6c582aa7, org.springframework.boot.test.mock.mockito.MockitoContextCustomizer@0, org.springframework.boot.test.web.client.TestRestTemplateContextCustomizer@8ce64d2], resourceBasePath = 'src/main/webapp', contextLoader = 'org.springframework.boot.test.context.SpringBootContextLoader', parent = [null]], attributes = map['org.springframework.test.context.web.ServletTestExecutionListener.activateListener' -> false]]].
00:15:16.350 [Test worker] DEBUG org.springframework.test.context.support.TestPropertySourceUtils - Adding inlined properties to environment: {spring.jmx.enabled=false, org.springframework.boot.test.context.SpringBootTestContextBootstrapper=true, server.port=0}

  .   ____          _            __ _ _
 /\\ / ___'_ __ _ _(_)_ __  __ _ \ \ \ \
( ( )\___ | '_ | '_| | '_ \/ _` | \ \ \ \
 \\/  ___)| |_)| | | | | || (_| |  ) ) ) )
  '  |____| .__|_| |_|_| |_\__, | / / / /
 =========|_|==============|___/=/_/_/_/
 :: Spring Boot ::        (v2.1.7.RELEASE)

2020-03-03 00:15:16.798  INFO 13557 --- [    Test worker] com.weno.book.web.IndexControllerTest    : Starting IndexControllerTest on weno with PID 13557 (started by weno in /home/weno/IdeaProjects/freelec-springboot2-webservice)
2020-03-03 00:15:16.800  INFO 13557 --- [    Test worker] com.weno.book.web.IndexControllerTest    : No active profile set, falling back to default profiles: default
2020-03-03 00:15:18.072  INFO 13557 --- [    Test worker] .s.d.r.c.RepositoryConfigurationDelegate : Bootstrapping Spring Data repositories in DEFAULT mode.
2020-03-03 00:15:18.195  INFO 13557 --- [    Test worker] .s.d.r.c.RepositoryConfigurationDelegate : Finished Spring Data repository scanning in 87ms. Found 1 repository interfaces.
2020-03-03 00:15:18.699  INFO 13557 --- [    Test worker] trationDelegate$BeanPostProcessorChecker : Bean 'org.springframework.transaction.annotation.ProxyTransactionManagementConfiguration' of type [org.springframework.transaction.annotation.ProxyTransactionManagementConfiguration$$EnhancerBySpringCGLIB$$5333b6bb] is not eligible for getting processed by all BeanPostProcessors (for example: not eligible for auto-proxying)
2020-03-03 00:15:19.171  INFO 13557 --- [    Test worker] o.s.b.w.embedded.tomcat.TomcatWebServer  : Tomcat initialized with port(s): 0 (http)
2020-03-03 00:15:19.210  INFO 13557 --- [    Test worker] o.apache.catalina.core.StandardService   : Starting service [Tomcat]
2020-03-03 00:15:19.211  INFO 13557 --- [    Test worker] org.apache.catalina.core.StandardEngine  : Starting Servlet engine: [Apache Tomcat/9.0.22]
2020-03-03 00:15:19.385  INFO 13557 --- [    Test worker] o.a.c.c.C.[Tomcat].[localhost].[/]       : Initializing Spring embedded WebApplicationContext
2020-03-03 00:15:19.385  INFO 13557 --- [    Test worker] o.s.web.context.ContextLoader            : Root WebApplicationContext: initialization completed in 2564 ms
2020-03-03 00:15:19.701  INFO 13557 --- [    Test worker] com.zaxxer.hikari.HikariDataSource       : HikariPool-1 - Starting...
2020-03-03 00:15:19.895  INFO 13557 --- [    Test worker] com.zaxxer.hikari.HikariDataSource       : HikariPool-1 - Start completed.
2020-03-03 00:15:20.001  INFO 13557 --- [    Test worker] o.hibernate.jpa.internal.util.LogHelper  : HHH000204: Processing PersistenceUnitInfo [
	name: default
	...]
2020-03-03 00:15:20.077  INFO 13557 --- [    Test worker] org.hibernate.Version                    : HHH000412: Hibernate Core {5.3.10.Final}
2020-03-03 00:15:20.079  INFO 13557 --- [    Test worker] org.hibernate.cfg.Environment            : HHH000206: hibernate.properties not found
2020-03-03 00:15:20.258  INFO 13557 --- [    Test worker] o.hibernate.annotations.common.Version   : HCANN000001: Hibernate Commons Annotations {5.0.4.Final}
2020-03-03 00:15:20.428  INFO 13557 --- [    Test worker] org.hibernate.dialect.Dialect            : HHH000400: Using dialect: org.hibernate.dialect.MySQL5InnoDBDialect
Hibernate: drop table if exists posts
Hibernate: create table posts (id bigint not null auto_increment, created_time datetime, modified_date datetime, author varchar(255), content TEXT not null, title varchar(500) not null, primary key (id)) engine=InnoDB
2020-03-03 00:15:21.332  INFO 13557 --- [    Test worker] o.h.t.schema.internal.SchemaCreatorImpl  : HHH000476: Executing import script 'org.hibernate.tool.schema.internal.exec.ScriptSourceInputNonExistentImpl@4b54401'
2020-03-03 00:15:21.338  INFO 13557 --- [    Test worker] j.LocalContainerEntityManagerFactoryBean : Initialized JPA EntityManagerFactory for persistence unit 'default'
2020-03-03 00:15:22.012  INFO 13557 --- [    Test worker] o.s.s.concurrent.ThreadPoolTaskExecutor  : Initializing ExecutorService 'applicationTaskExecutor'
2020-03-03 00:15:22.097  WARN 13557 --- [    Test worker] aWebConfiguration$JpaWebMvcConfiguration : spring.jpa.open-in-view is enabled by default. Therefore, database queries may be performed during view rendering. Explicitly configure spring.jpa.open-in-view to disable this warning
2020-03-03 00:15:22.177  INFO 13557 --- [    Test worker] o.s.b.a.w.s.WelcomePageHandlerMapping    : Adding welcome page template: index
2020-03-03 00:15:22.548  INFO 13557 --- [    Test worker] o.s.b.w.embedded.tomcat.TomcatWebServer  : Tomcat started on port(s): 35937 (http) with context path ''
2020-03-03 00:15:22.555  INFO 13557 --- [    Test worker] com.weno.book.web.IndexControllerTest    : Started IndexControllerTest in 6.201 seconds (JVM running for 7.471)
2020-03-03 00:15:22.775  INFO 13557 --- [o-auto-1-exec-1] o.a.c.c.C.[Tomcat].[localhost].[/]       : Initializing Spring DispatcherServlet 'dispatcherServlet'
2020-03-03 00:15:22.775  INFO 13557 --- [o-auto-1-exec-1] o.s.web.servlet.DispatcherServlet        : Initializing Servlet 'dispatcherServlet'
2020-03-03 00:15:22.807  INFO 13557 --- [o-auto-1-exec-1] o.s.web.servlet.DispatcherServlet        : Completed initialization in 32 ms
]]></system-out>
  <system-err><![CDATA[]]></system-err>
</testsuite>
